<?xml version="1.0" encoding="UTF-8"?>
<testng-results skipped="0" failed="0" total="1" passed="1">
  <reporter-output>
  </reporter-output>
  <suite name="Default suite" duration-ms="15426" started-at="2019-05-31T07:33:22Z" finished-at="2019-05-31T07:33:38Z">
    <groups>
    </groups>
    <test name="Default test" duration-ms="15426" started-at="2019-05-31T07:33:22Z" finished-at="2019-05-31T07:33:38Z">
      <class name="training.demo.test.SeleniumTest">
        <test-method status="PASS" signature="openTest()[pri:0, instance:training.demo.test.SeleniumTest@1810399e]" name="openTest" is-config="true" duration-ms="9571" started-at="2019-05-31T13:03:13Z" finished-at="2019-05-31T13:03:22Z">
          <reporter-output>
          </reporter-output>
        </test-method> <!-- openTest -->
        <test-method status="PASS" signature="login()[pri:0, instance:training.demo.test.SeleniumTest@1810399e]" name="login" is-config="true" duration-ms="1842" started-at="2019-05-31T13:03:22Z" finished-at="2019-05-31T13:03:24Z">
          <reporter-output>
          </reporter-output>
        </test-method> <!-- login -->
        <test-method status="PASS" signature="Test1()[pri:0, instance:training.demo.test.SeleniumTest@1810399e]" name="Test1" duration-ms="13558" started-at="2019-05-31T13:03:24Z" finished-at="2019-05-31T13:03:38Z">
          <reporter-output>
          </reporter-output>
        </test-method> <!-- Test1 -->
      </class> <!-- training.demo.test.SeleniumTest -->
    </test> <!-- Default test -->
  </suite> <!-- Default suite -->
</testng-results>
